[35m[1mScanning dependencies of target ur10_kin
[0m[ 16%] [32mBuilding CXX object CMakeFiles/ur10_kin.dir/src/ur_kin.cpp.o
[0m[31m[1mLinking CXX shared library /home/mrinmoy/ariac_competition/ur10_moveit_ws/devel/.private/ur_kinematics/lib/libur10_kin.so
[0m[ 16%] Built target ur10_kin
[35m[1mScanning dependencies of target ur3_kin
[0m[ 33%] [32mBuilding CXX object CMakeFiles/ur3_kin.dir/src/ur_kin.cpp.o
[0m[35m[1mScanning dependencies of target ur5_kin
[0m[ 50%] [32mBuilding CXX object CMakeFiles/ur5_kin.dir/src/ur_kin.cpp.o
[0m[31m[1mLinking CXX shared library /home/mrinmoy/ariac_competition/ur10_moveit_ws/devel/.private/ur_kinematics/lib/libur3_kin.so
[0m[ 50%] Built target ur3_kin
[35m[1mScanning dependencies of target ur10_moveit_plugin
[31m[1mLinking CXX shared library /home/mrinmoy/ariac_competition/ur10_moveit_ws/devel/.private/ur_kinematics/lib/libur5_kin.so
[0m[ 50%] Built target ur5_kin
[35m[1mScanning dependencies of target ur3_moveit_plugin
[0m[0m[ 66%] [ 83%] [32mBuilding CXX object CMakeFiles/ur3_moveit_plugin.dir/src/ur_moveit_plugin.cpp.o
[0m[32mBuilding CXX object CMakeFiles/ur10_moveit_plugin.dir/src/ur_moveit_plugin.cpp.o
[0m[35m[1mScanning dependencies of target ur5_moveit_plugin
[0m[100%] [32mBuilding CXX object CMakeFiles/ur5_moveit_plugin.dir/src/ur_moveit_plugin.cpp.o
[0m[31m[1mLinking CXX shared library /home/mrinmoy/ariac_competition/ur10_moveit_ws/devel/.private/ur_kinematics/lib/libur3_moveit_plugin.so
[0m[31m[1mLinking CXX shared library /home/mrinmoy/ariac_competition/ur10_moveit_ws/devel/.private/ur_kinematics/lib/libur10_moveit_plugin.so
[0m[31m[1mLinking CXX shared library /home/mrinmoy/ariac_competition/ur10_moveit_ws/devel/.private/ur_kinematics/lib/libur5_moveit_plugin.so
[0m[100%] Built target ur3_moveit_plugin
[100%] Built target ur10_moveit_plugin
[100%] Built target ur5_moveit_plugin
