[35m[1mScanning dependencies of target _ur_msgs_generate_messages_check_deps_RobotStateRTMsg
[0m[  0%] Built target _ur_msgs_generate_messages_check_deps_RobotStateRTMsg
[35m[1mScanning dependencies of target _ur_msgs_generate_messages_check_deps_Analog
[0m[  0%] Built target _ur_msgs_generate_messages_check_deps_Analog
[35m[1mScanning dependencies of target _ur_msgs_generate_messages_check_deps_SetIO
[0m[  0%] Built target _ur_msgs_generate_messages_check_deps_SetIO
[35m[1mScanning dependencies of target _ur_msgs_generate_messages_check_deps_Digital
[0m[  0%] Built target _ur_msgs_generate_messages_check_deps_Digital
[35m[1mScanning dependencies of target _ur_msgs_generate_messages_check_deps_IOStates
[0m[  0%] Built target _ur_msgs_generate_messages_check_deps_IOStates
[35m[1mScanning dependencies of target std_msgs_generate_messages_lisp
[0m[  0%] Built target std_msgs_generate_messages_lisp
[35m[1mScanning dependencies of target _ur_msgs_generate_messages_check_deps_SetPayload
[0m[  0%] Built target _ur_msgs_generate_messages_check_deps_SetPayload
[35m[1mScanning dependencies of target _ur_msgs_generate_messages_check_deps_MasterboardDataMsg
[0m[  0%] Built target _ur_msgs_generate_messages_check_deps_MasterboardDataMsg
[35m[1mScanning dependencies of target std_msgs_generate_messages_py
[0m[  0%] Built target std_msgs_generate_messages_py
[35m[1mScanning dependencies of target std_msgs_generate_messages_cpp
[0m[  0%] Built target std_msgs_generate_messages_cpp
[35m[1mScanning dependencies of target ur_msgs_generate_messages_lisp
[0m[  4%] [34m[1mGenerating Lisp code from ur_msgs/MasterboardDataMsg.msg
[0m[  8%] [34m[1mGenerating Lisp code from ur_msgs/Analog.msg
[0m[ 13%] [34m[1mGenerating Lisp code from ur_msgs/RobotStateRTMsg.msg
[0m[ 17%] [34m[1mGenerating Lisp code from ur_msgs/Digital.msg
[0m[ 21%] [34m[1mGenerating Lisp code from ur_msgs/IOStates.msg
[0m[ 26%] [34m[1mGenerating Lisp code from ur_msgs/SetPayload.srv
[0m[ 30%] [34m[1mGenerating Lisp code from ur_msgs/SetIO.srv
[0m[ 30%] Built target ur_msgs_generate_messages_lisp
[35m[1mScanning dependencies of target ur_msgs_generate_messages_py
[0m[ 34%] [34m[1mGenerating Python from MSG ur_msgs/MasterboardDataMsg
[0m[ 39%] [34m[1mGenerating Python from MSG ur_msgs/Analog
[0m[ 43%] [34m[1mGenerating Python from MSG ur_msgs/RobotStateRTMsg
[0m[ 47%] [34m[1mGenerating Python from MSG ur_msgs/Digital
[0m[ 52%] [34m[1mGenerating Python from MSG ur_msgs/IOStates
[0m[ 56%] [34m[1mGenerating Python code from SRV ur_msgs/SetPayload
[0m[ 60%] [34m[1mGenerating Python code from SRV ur_msgs/SetIO
[0m[ 65%] [34m[1mGenerating Python msg __init__.py for ur_msgs
[0m[ 69%] [34m[1mGenerating Python srv __init__.py for ur_msgs
[0m[ 69%] Built target ur_msgs_generate_messages_py
[35m[1mScanning dependencies of target ur_msgs_generate_messages_cpp
[0m[ 73%] [34m[1mGenerating C++ code from ur_msgs/MasterboardDataMsg.msg
[0m[ 78%] [34m[1mGenerating C++ code from ur_msgs/Analog.msg
[0m[ 82%] [34m[1mGenerating C++ code from ur_msgs/RobotStateRTMsg.msg
[0m[ 86%] [34m[1mGenerating C++ code from ur_msgs/Digital.msg
[0m[ 91%] [34m[1mGenerating C++ code from ur_msgs/IOStates.msg
[0m[ 95%] [34m[1mGenerating C++ code from ur_msgs/SetPayload.srv
[0m[100%] [34m[1mGenerating C++ code from ur_msgs/SetIO.srv
[0m[100%] Built target ur_msgs_generate_messages_cpp
[35m[1mScanning dependencies of target ur_msgs_generate_messages
[0m[100%] Built target ur_msgs_generate_messages
