Symlinking /home/mrinmoy/ariac_competition/ur10_moveit_ws/devel/include/ur_msgs/IOStates.h
Symlinking /home/mrinmoy/ariac_competition/ur10_moveit_ws/devel/include/ur_msgs/Digital.h
Symlinking /home/mrinmoy/ariac_competition/ur10_moveit_ws/devel/include/ur_msgs/SetIO.h
Symlinking /home/mrinmoy/ariac_competition/ur10_moveit_ws/devel/include/ur_msgs/SetIORequest.h
Symlinking /home/mrinmoy/ariac_competition/ur10_moveit_ws/devel/include/ur_msgs/Analog.h
Symlinking /home/mrinmoy/ariac_competition/ur10_moveit_ws/devel/include/ur_msgs/SetPayloadResponse.h
Symlinking /home/mrinmoy/ariac_competition/ur10_moveit_ws/devel/include/ur_msgs/SetIOResponse.h
Symlinking /home/mrinmoy/ariac_competition/ur10_moveit_ws/devel/include/ur_msgs/SetPayloadRequest.h
Symlinking /home/mrinmoy/ariac_competition/ur10_moveit_ws/devel/include/ur_msgs/RobotStateRTMsg.h
Symlinking /home/mrinmoy/ariac_competition/ur10_moveit_ws/devel/include/ur_msgs/MasterboardDataMsg.h
Symlinking /home/mrinmoy/ariac_competition/ur10_moveit_ws/devel/include/ur_msgs/SetPayload.h
Symlinking /home/mrinmoy/ariac_competition/ur10_moveit_ws/devel/lib/pkgconfig/ur_msgs.pc
Symlinking /home/mrinmoy/ariac_competition/ur10_moveit_ws/devel/lib/python2.7/dist-packages/ur_msgs/__init__.py
Symlinking /home/mrinmoy/ariac_competition/ur10_moveit_ws/devel/lib/python2.7/dist-packages/ur_msgs/msg/_MasterboardDataMsg.py
Symlinking /home/mrinmoy/ariac_competition/ur10_moveit_ws/devel/lib/python2.7/dist-packages/ur_msgs/msg/_Analog.py
Symlinking /home/mrinmoy/ariac_competition/ur10_moveit_ws/devel/lib/python2.7/dist-packages/ur_msgs/msg/__init__.py
Symlinking /home/mrinmoy/ariac_competition/ur10_moveit_ws/devel/lib/python2.7/dist-packages/ur_msgs/msg/_RobotStateRTMsg.py
Symlinking /home/mrinmoy/ariac_competition/ur10_moveit_ws/devel/lib/python2.7/dist-packages/ur_msgs/msg/_IOStates.py
Symlinking /home/mrinmoy/ariac_competition/ur10_moveit_ws/devel/lib/python2.7/dist-packages/ur_msgs/msg/_Digital.py
Symlinking /home/mrinmoy/ariac_competition/ur10_moveit_ws/devel/lib/python2.7/dist-packages/ur_msgs/srv/__init__.py
Symlinking /home/mrinmoy/ariac_competition/ur10_moveit_ws/devel/lib/python2.7/dist-packages/ur_msgs/srv/_SetPayload.py
Symlinking /home/mrinmoy/ariac_competition/ur10_moveit_ws/devel/lib/python2.7/dist-packages/ur_msgs/srv/_SetIO.py
Symlinking /home/mrinmoy/ariac_competition/ur10_moveit_ws/devel/share/ur_msgs/cmake/ur_msgs-msg-paths.cmake
Symlinking /home/mrinmoy/ariac_competition/ur10_moveit_ws/devel/share/ur_msgs/cmake/ur_msgsConfig-version.cmake
Symlinking /home/mrinmoy/ariac_competition/ur10_moveit_ws/devel/share/ur_msgs/cmake/ur_msgs-msg-extras.cmake
Symlinking /home/mrinmoy/ariac_competition/ur10_moveit_ws/devel/share/ur_msgs/cmake/ur_msgsConfig.cmake
Symlinking /home/mrinmoy/ariac_competition/ur10_moveit_ws/devel/share/common-lisp/ros/ur_msgs/msg/_package.lisp
Symlinking /home/mrinmoy/ariac_competition/ur10_moveit_ws/devel/share/common-lisp/ros/ur_msgs/msg/Digital.lisp
Symlinking /home/mrinmoy/ariac_competition/ur10_moveit_ws/devel/share/common-lisp/ros/ur_msgs/msg/_package_IOStates.lisp
Symlinking /home/mrinmoy/ariac_competition/ur10_moveit_ws/devel/share/common-lisp/ros/ur_msgs/msg/RobotStateRTMsg.lisp
Symlinking /home/mrinmoy/ariac_competition/ur10_moveit_ws/devel/share/common-lisp/ros/ur_msgs/msg/MasterboardDataMsg.lisp
Symlinking /home/mrinmoy/ariac_competition/ur10_moveit_ws/devel/share/common-lisp/ros/ur_msgs/msg/_package_RobotStateRTMsg.lisp
Symlinking /home/mrinmoy/ariac_competition/ur10_moveit_ws/devel/share/common-lisp/ros/ur_msgs/msg/_package_MasterboardDataMsg.lisp
Symlinking /home/mrinmoy/ariac_competition/ur10_moveit_ws/devel/share/common-lisp/ros/ur_msgs/msg/IOStates.lisp
Symlinking /home/mrinmoy/ariac_competition/ur10_moveit_ws/devel/share/common-lisp/ros/ur_msgs/msg/_package_Analog.lisp
Symlinking /home/mrinmoy/ariac_competition/ur10_moveit_ws/devel/share/common-lisp/ros/ur_msgs/msg/_package_Digital.lisp
Symlinking /home/mrinmoy/ariac_competition/ur10_moveit_ws/devel/share/common-lisp/ros/ur_msgs/msg/Analog.lisp
Symlinking /home/mrinmoy/ariac_competition/ur10_moveit_ws/devel/share/common-lisp/ros/ur_msgs/msg/ur_msgs-msg.asd
Symlinking /home/mrinmoy/ariac_competition/ur10_moveit_ws/devel/share/common-lisp/ros/ur_msgs/srv/_package.lisp
Symlinking /home/mrinmoy/ariac_competition/ur10_moveit_ws/devel/share/common-lisp/ros/ur_msgs/srv/SetPayload.lisp
Symlinking /home/mrinmoy/ariac_competition/ur10_moveit_ws/devel/share/common-lisp/ros/ur_msgs/srv/_package_SetIO.lisp
Symlinking /home/mrinmoy/ariac_competition/ur10_moveit_ws/devel/share/common-lisp/ros/ur_msgs/srv/ur_msgs-srv.asd
Symlinking /home/mrinmoy/ariac_competition/ur10_moveit_ws/devel/share/common-lisp/ros/ur_msgs/srv/_package_SetPayload.lisp
Symlinking /home/mrinmoy/ariac_competition/ur10_moveit_ws/devel/share/common-lisp/ros/ur_msgs/srv/SetIO.lisp
