[35m[1mScanning dependencies of target trajectory_msgs_generate_messages_lisp
[0m[  0%] Built target trajectory_msgs_generate_messages_lisp
[35m[1mScanning dependencies of target rosgraph_msgs_generate_messages_py
[0m[  0%] Built target rosgraph_msgs_generate_messages_py
[35m[1mScanning dependencies of target roscpp_generate_messages_py
[35m[1mScanning dependencies of target osrf_gear_generate_messages_cpp
[0m[0m[  0%] [  0%] Built target roscpp_generate_messages_py
Built target osrf_gear_generate_messages_cpp
[35m[1mScanning dependencies of target std_msgs_generate_messages_py
[0m[  0%] Built target std_msgs_generate_messages_py
[35m[1mScanning dependencies of target trajectory_msgs_generate_messages_cpp
[0m[35m[1mScanning dependencies of target std_srvs_generate_messages_cpp
[0m[  0%] Built target trajectory_msgs_generate_messages_cpp
[  0%] Built target std_srvs_generate_messages_cpp
[35m[1mScanning dependencies of target geometry_msgs_generate_messages_lisp
[0m[35m[1mScanning dependencies of target geometry_msgs_generate_messages_py
[0m[  0%] Built target geometry_msgs_generate_messages_py
[  0%] Built target geometry_msgs_generate_messages_lisp
[35m[1mScanning dependencies of target geometry_msgs_generate_messages_cpp
[35m[1mScanning dependencies of target sensor_msgs_generate_messages_cpp
[0m[0m[  0%] [  0%] Built target geometry_msgs_generate_messages_cpp
Built target sensor_msgs_generate_messages_cpp
[35m[1mScanning dependencies of target roscpp_generate_messages_cpp
[0m[35m[1mScanning dependencies of target osrf_gear_generate_messages_py
[0m[  0%] Built target roscpp_generate_messages_cpp
[  0%] Built target osrf_gear_generate_messages_py
[35m[1mScanning dependencies of target std_msgs_generate_messages_cpp
[0m[35m[1mScanning dependencies of target std_msgs_generate_messages_lisp
[0m[  0%] Built target std_msgs_generate_messages_cpp
[  0%] Built target std_msgs_generate_messages_lisp
[35m[1mScanning dependencies of target rosgraph_msgs_generate_messages_lisp
[0m[35m[1mScanning dependencies of target roscpp_generate_messages_lisp
[0m[  0%] Built target rosgraph_msgs_generate_messages_lisp
[  0%] Built target roscpp_generate_messages_lisp
[35m[1mScanning dependencies of target sensor_msgs_generate_messages_lisp
[35m[1mScanning dependencies of target std_srvs_generate_messages_py
[0m[0m[  0%] [  0%] Built target std_srvs_generate_messages_py
Built target sensor_msgs_generate_messages_lisp
[35m[1mScanning dependencies of target sensor_msgs_generate_messages_py
[0m[35m[1mScanning dependencies of target osrf_gear_generate_messages_lisp
[0m[  0%] Built target sensor_msgs_generate_messages_py
[  0%] Built target osrf_gear_generate_messages_lisp
[35m[1mScanning dependencies of target std_srvs_generate_messages_lisp
[0m[  0%] Built target std_srvs_generate_messages_lisp
[35m[1mScanning dependencies of target rosgraph_msgs_generate_messages_cpp
[0m[  0%] Built target rosgraph_msgs_generate_messages_cpp
[35m[1mScanning dependencies of target trajectory_msgs_generate_messages_py
[0m[  0%] Built target trajectory_msgs_generate_messages_py
[35m[1mScanning dependencies of target gear_example_node
[0m[100%] [32mBuilding CXX object CMakeFiles/gear_example_node.dir/src/gear_example_node.cpp.o
[0m[31m[1mLinking CXX executable /home/mrinmoysarkar/ariac_competition/ariac_competition/ariac_ws/devel/.private/gear_example/lib/gear_example/gear_example_node
[0m[100%] Built target gear_example_node
